<?xml version="1.0" encoding="utf-8"?><testsuites name="pytest tests"><testsuite name="pytest" errors="0" failures="0" skipped="0" tests="28" time="4.034" timestamp="2026-09-20T17:38:07.590198+00:00" hostname="agent-env-6e3fdca7-b154-4726-b5f0-05040eff37ac"><testcase classname="tests.backend_test.TestTrack" name="test_track_pageview_and_dedupe" time="0.544" /><testcase classname="tests.backend_test.TestAdmin" name="test_stats" time="0.573" /><testcase classname="tests.backend_test.TestTrack" name="test_track_funnel_events[ViewContent]" time="0.076" /><testcase classname="tests.backend_test.TestAdmin" name="test_funnel" time="0.136" /><testcase classname="tests.backend_test.TestTrack" name="test_track_funnel_events[ViewContent_CaseStudy]" time="0.074" /><testcase classname="tests.backend_test.TestTrack" name="test_track_funnel_events[InitiateCheckout]" time="0.069" /><testcase classname="tests.backend_test.TestAdmin" name="test_utm_and_spend" time="0.235" /><testcase classname="tests.backend_test.TestTrack" name="test_track_funnel_events[CalendarOpen]" time="0.073" /><testcase classname="tests.backend_test.TestTrack" name="test_track_unknown_session" time="0.069" /><testcase classname="tests.backend_test.TestTrack" name="test_track_invalid_event_name" time="0.086" /><testcase classname="tests.backend_test.TestSession" name="test_session_init_new" time="0.073" /><testcase classname="tests.backend_test.TestAdmin" name="test_bookings_list_and_patch" time="0.955" /><testcase classname="tests.backend_test.TestSession" name="test_session_init_existing" time="0.075" /><testcase classname="tests.backend_test.TestSession" name="test_session_update" time="0.069" /><testcase classname="tests.backend_test.TestSession" name="test_session_update_unknown" time="0.069" /><testcase classname="tests.backend_test.TestAuth" name="test_login_success" time="0.295" /><testcase classname="tests.backend_test.TestAuth" name="test_login_wrong_password" time="0.304" /><testcase classname="tests.backend_test.TestAdmin" name="test_events_filter" time="0.292" /><testcase classname="tests.backend_test.TestAuth" name="test_me_with_bearer" time="0.439" /><testcase classname="tests.backend_test.TestAdmin" name="test_sessions_list" time="0.090" /><testcase classname="tests.backend_test.TestAdmin" name="test_journey" time="0.137" /><testcase classname="tests.backend_test.TestAuth" name="test_admin_without_token" time="0.144" /><testcase classname="tests.backend_test.TestAdmin" name="test_journey_404" time="0.128" /><testcase classname="tests.backend_test.TestWebhook" name="test_booking_paid" time="0.379" /><testcase classname="tests.backend_test" name="test_health" time="0.080" /><testcase classname="tests.backend_test.TestWebhook" name="test_booking_paid_idempotent" time="0.188" /><testcase classname="tests.backend_test.TestWebhook" name="test_booking_cancelled" time="0.262" /><testcase classname="tests.backend_test.TestWebhook" name="test_alias_webhook_path" time="0.140" /></testsuite></testsuites>